<?xml version="1.0" encoding="UTF-8"?>
<!-- Generated by org.testng.reporters.JUnitReportReporter -->
<testsuite skipped="0" hostname="192-168-1-112.tpgi.com.au" name="tests.LoginTest" tests="2" failures="0" timestamp="10 Apr 2025 12:45:06 GMT" time="115.642" errors="0">
  <testcase name="unSuccessfulLogin" time="61.679" classname="tests.LoginTest"/>
  <testcase name="successfulLogin" time="53.963" classname="tests.LoginTest"/>
</testsuite> <!-- tests.LoginTest -->
